<?xml version="1.0" encoding="UTF-8"?>
<testsuite xmlns:xsi="http://www.w3.org/2001/XMLSchema-instance" xsi:noNamespaceSchemaLocation="https://maven.apache.org/surefire/maven-surefire-plugin/xsd/surefire-test-report-3.0.xsd" version="3.0" name="TestSuite" time="367.392" tests="40" errors="0" skipped="0" failures="0">
  <properties>
[...]
</properties>
  <testcase name="testCartItemCount" classname="com.coffeecart.tests.CartTests" time="3.827">
    <system-out><![CDATA[Starting test: testCartItemCount
Test passed: testCartItemCount
]]></system-out>
    <system-err><![CDATA[SLF4J: No SLF4J providers were found.
SLF4J: Defaulting to no-operation (NOP) logger implementation
SLF4J: See https://www.slf4j.org/codes.html#noProviders for further details.
Oct 07, 2025 7:11:54 PM org.openqa.selenium.devtools.CdpVersionFinder findNearestMatch
WARNING: Unable to find CDP implementation matching 140
Oct 07, 2025 7:11:54 PM org.openqa.selenium.chromium.ChromiumDriver lambda$new$5
WARNING: Unable to find version of CDP to use for 140.0.7339.210. You may need to include a dependency on a specific version of the CDP using something similar to `org.seleniumhq.selenium:selenium-devtools-v86:4.14.0` where the version ("v86") matches the version of the chromium-based browser you're using and the version number of the artifact is the same as Selenium's.
]]></system-err>
  </testcase>
  <testcase name="testCartItemCount" classname="com.coffeecart.tests.CartTests" time="1.863">
    <system-out><![CDATA[Test passed: testCartItemCount
]]></system-out>
  </testcase>
  <testcase name="testRemoveItemFromCart" classname="com.coffeecart.tests.CartTests" time="10.385">
    <system-out><![CDATA[Test passed: testRemoveItemFromCart
]]></system-out>
  </testcase>
  <testcase name="testRemoveItemFromCart" classname="com.coffeecart.tests.CartTests" time="4.354">
    <system-out><![CDATA[Starting test: testCheckoutWithInvalidEmail
Test passed: testRemoveItemFromCart
]]></system-out>
    <system-err><![CDATA[Oct 07, 2025 7:14:11 PM org.openqa.selenium.devtools.CdpVersionFinder findNearestMatch
WARNING: Unable to find CDP implementation matching 140
Oct 07, 2025 7:14:11 PM org.openqa.selenium.chromium.ChromiumDriver lambda$new$5
WARNING: Unable to find version of CDP to use for 140.0.7339.210. You may need to include a dependency on a specific version of the CDP using something similar to `org.seleniumhq.selenium:selenium-devtools-v86:4.14.0` where the version ("v86") matches the version of the chromium-based browser you're using and the version number of the artifact is the same as Selenium's.
]]></system-err>
  </testcase>
  <testcase name="testCartTotalCalculation" classname="com.coffeecart.tests.CartTests" time="2.138">
    <system-out><![CDATA[Starting test: testCartTotalCalculation
Test passed: testCartTotalCalculation
]]></system-out>
    <system-err><![CDATA[Oct 07, 2025 7:13:21 PM org.openqa.selenium.devtools.CdpVersionFinder findNearestMatch
WARNING: Unable to find CDP implementation matching 140
Oct 07, 2025 7:13:21 PM org.openqa.selenium.chromium.ChromiumDriver lambda$new$5
WARNING: Unable to find version of CDP to use for 140.0.7339.210. You may need to include a dependency on a specific version of the CDP using something similar to `org.seleniumhq.selenium:selenium-devtools-v86:4.14.0` where the version ("v86") matches the version of the chromium-based browser you're using and the version number of the artifact is the same as Selenium's.
]]></system-err>
  </testcase>
  <testcase name="testCartTotalCalculation" classname="com.coffeecart.tests.CartTests" time="2.116">
    <system-out><![CDATA[Test passed: testCartTotalCalculation
]]></system-out>
  </testcase>
  <testcase name="testCheckoutButton" classname="com.coffeecart.tests.CartTests" time="0.848">
    <system-out><![CDATA[Starting test: testCheckoutButton
Test passed: testCheckoutButton
]]></system-out>
    <system-err><![CDATA[Oct 07, 2025 7:13:53 PM org.openqa.selenium.devtools.CdpVersionFinder findNearestMatch
WARNING: Unable to find CDP implementation matching 140
Oct 07, 2025 7:13:53 PM org.openqa.selenium.chromium.ChromiumDriver lambda$new$5
WARNING: Unable to find version of CDP to use for 140.0.7339.210. You may need to include a dependency on a specific version of the CDP using something similar to `org.seleniumhq.selenium:selenium-devtools-v86:4.14.0` where the version ("v86") matches the version of the chromium-based browser you're using and the version number of the artifact is the same as Selenium's.
]]></system-err>
  </testcase>
  <testcase name="testCheckoutButton" classname="com.coffeecart.tests.CartTests" time="0.889">
    <system-out><![CDATA[Starting test: testCheckoutButton
Test passed: testCheckoutButton
]]></system-out>
  </testcase>
  <testcase name="testEmptyCartBehavior" classname="com.coffeecart.tests.CartTests" time="0.185">
    <system-out><![CDATA[Starting test: testEmptyCartBehavior
Test passed: testEmptyCartBehavior
]]></system-out>
    <system-err><![CDATA[Oct 07, 2025 7:14:46 PM org.openqa.selenium.devtools.CdpVersionFinder findNearestMatch
WARNING: Unable to find CDP implementation matching 140
Oct 07, 2025 7:14:46 PM org.openqa.selenium.chromium.ChromiumDriver lambda$new$5
WARNING: Unable to find version of CDP to use for 140.0.7339.210. You may need to include a dependency on a specific version of the CDP using something similar to `org.seleniumhq.selenium:selenium-devtools-v86:4.14.0` where the version ("v86") matches the version of the chromium-based browser you're using and the version number of the artifact is the same as Selenium's.
]]></system-err>
  </testcase>
  <testcase name="testEmptyCartBehavior" classname="com.coffeecart.tests.CartTests" time="0.036">
    <system-out><![CDATA[Starting test: testEmptyCartBehavior
Test passed: testEmptyCartBehavior
]]></system-out>
  </testcase>
  <testcase name="testCompleteCheckoutProcess" classname="com.coffeecart.tests.CheckoutTests" time="0.954">
    <system-out><![CDATA[Starting test: testCompleteCheckoutProcess
Starting test: testCartItemCount
Test passed: testCompleteCheckoutProcess
]]></system-out>
    <system-err><![CDATA[Oct 07, 2025 7:12:02 PM org.openqa.selenium.devtools.CdpVersionFinder findNearestMatch
WARNING: Unable to find CDP implementation matching 140
Oct 07, 2025 7:12:02 PM org.openqa.selenium.chromium.ChromiumDriver lambda$new$5
WARNING: Unable to find version of CDP to use for 140.0.7339.210. You may need to include a dependency on a specific version of the CDP using something similar to `org.seleniumhq.selenium:selenium-devtools-v86:4.14.0` where the version ("v86") matches the version of the chromium-based browser you're using and the version number of the artifact is the same as Selenium's.
]]></system-err>
  </testcase>
  <testcase name="testCompleteCheckoutProcess" classname="com.coffeecart.tests.CheckoutTests" time="4.043">
    <system-out><![CDATA[Test passed: testCompleteCheckoutProcess
]]></system-out>
  </testcase>
  <testcase name="testFormValidation" classname="com.coffeecart.tests.CheckoutTests" time="3.329">
    <system-out><![CDATA[Starting test: testFormValidation
Test passed: testFormValidation
]]></system-out>
    <system-err><![CDATA[Oct 07, 2025 7:12:35 PM org.openqa.selenium.devtools.CdpVersionFinder findNearestMatch
WARNING: Unable to find CDP implementation matching 140
Oct 07, 2025 7:12:35 PM org.openqa.selenium.chromium.ChromiumDriver lambda$new$5
WARNING: Unable to find version of CDP to use for 140.0.7339.210. You may need to include a dependency on a specific version of the CDP using something similar to `org.seleniumhq.selenium:selenium-devtools-v86:4.14.0` where the version ("v86") matches the version of the chromium-based browser you're using and the version number of the artifact is the same as Selenium's.
]]></system-err>
  </testcase>
  <testcase name="testFormValidation" classname="com.coffeecart.tests.CheckoutTests" time="1.692">
    <system-out><![CDATA[Starting test: testFormValidation
Test passed: testFormValidation
]]></system-out>
  </testcase>
  <testcase name="testCheckoutWithEmptyName" classname="com.coffeecart.tests.CheckoutTests" time="8.021">
    <system-out><![CDATA[Starting test: testCheckoutWithEmptyName
Test passed: testCheckoutWithEmptyName
]]></system-out>
    <system-err><![CDATA[Oct 07, 2025 7:13:29 PM org.openqa.selenium.devtools.CdpVersionFinder findNearestMatch
WARNING: Unable to find CDP implementation matching 140
Oct 07, 2025 7:13:29 PM org.openqa.selenium.chromium.ChromiumDriver lambda$new$5
WARNING: Unable to find version of CDP to use for 140.0.7339.210. You may need to include a dependency on a specific version of the CDP using something similar to `org.seleniumhq.selenium:selenium-devtools-v86:4.14.0` where the version ("v86") matches the version of the chromium-based browser you're using and the version number of the artifact is the same as Selenium's.
]]></system-err>
  </testcase>
  <testcase name="testCheckoutWithEmptyName" classname="com.coffeecart.tests.CheckoutTests" time="4.906">
    <system-out><![CDATA[Test passed: testCheckoutWithEmptyName
]]></system-out>
  </testcase>
  <testcase name="testCheckoutWithInvalidEmail[invalid-email, password123](1)" classname="com.coffeecart.tests.CheckoutTests" time="3.424">
    <system-out><![CDATA[Starting test: testCheckoutWithInvalidEmail
Starting test: testRemoveItemFromCart
Test passed: testCheckoutWithInvalidEmail
]]></system-out>
    <system-err><![CDATA[Oct 07, 2025 7:14:01 PM org.openqa.selenium.devtools.CdpVersionFinder findNearestMatch
WARNING: Unable to find CDP implementation matching 140
Oct 07, 2025 7:14:01 PM org.openqa.selenium.chromium.ChromiumDriver lambda$new$5
WARNING: Unable to find version of CDP to use for 140.0.7339.210. You may need to include a dependency on a specific version of the CDP using something similar to `org.seleniumhq.selenium:selenium-devtools-v86:4.14.0` where the version ("v86") matches the version of the chromium-based browser you're using and the version number of the artifact is the same as Selenium's.
]]></system-err>
  </testcase>
  <testcase name="testCheckoutWithInvalidEmail[invalid-email, password123](1)" classname="com.coffeecart.tests.CheckoutTests" time="3.829">
    <system-out><![CDATA[Starting test: testCheckoutWithInvalidEmail
Test passed: testCheckoutWithInvalidEmail
]]></system-out>
  </testcase>
  <testcase name="testCheckoutWithInvalidEmail[@example.com, password123](2)" classname="com.coffeecart.tests.CheckoutTests" time="5.002">
    <system-out><![CDATA[Test passed: testCheckoutWithInvalidEmail
]]></system-out>
  </testcase>
  <testcase name="testCheckoutWithInvalidEmail[@example.com, password123](2)" classname="com.coffeecart.tests.CheckoutTests" time="3.773">
    <system-out><![CDATA[Starting test: testCheckoutWithInvalidEmail
Test passed: testCheckoutWithInvalidEmail
]]></system-out>
  </testcase>
  <testcase name="testCheckoutWithInvalidEmail[test@, password123](3)" classname="com.coffeecart.tests.CheckoutTests" time="6.509">
    <system-out><![CDATA[Starting test: testCheckoutWithInvalidEmail
Test passed: testCheckoutWithInvalidEmail
]]></system-out>
    <system-err><![CDATA[Oct 07, 2025 7:14:23 PM org.openqa.selenium.devtools.CdpVersionFinder findNearestMatch
WARNING: Unable to find CDP implementation matching 140
Oct 07, 2025 7:14:23 PM org.openqa.selenium.chromium.ChromiumDriver lambda$new$5
WARNING: Unable to find version of CDP to use for 140.0.7339.210. You may need to include a dependency on a specific version of the CDP using something similar to `org.seleniumhq.selenium:selenium-devtools-v86:4.14.0` where the version ("v86") matches the version of the chromium-based browser you're using and the version number of the artifact is the same as Selenium's.
]]></system-err>
  </testcase>
  <testcase name="testCheckoutWithInvalidEmail[test@, password123](3)" classname="com.coffeecart.tests.CheckoutTests" time="3.58">
    <system-out><![CDATA[Starting test: testCheckoutWithInvalidEmail
Test passed: testCheckoutWithInvalidEmail
]]></system-out>
  </testcase>
  <testcase name="testPromoCodeApplication[DISCOUNT10, 10](1)" classname="com.coffeecart.tests.CheckoutTests" time="0.171">
    <system-out><![CDATA[Starting test: testPromoCodeApplication
Starting test: testCartTotalCalculation
Test passed: testPromoCodeApplication
]]></system-out>
    <system-err><![CDATA[Oct 07, 2025 7:14:51 PM org.openqa.selenium.devtools.CdpVersionFinder findNearestMatch
WARNING: Unable to find CDP implementation matching 140
Oct 07, 2025 7:14:51 PM org.openqa.selenium.chromium.ChromiumDriver lambda$new$5
WARNING: Unable to find version of CDP to use for 140.0.7339.210. You may need to include a dependency on a specific version of the CDP using something similar to `org.seleniumhq.selenium:selenium-devtools-v86:4.14.0` where the version ("v86") matches the version of the chromium-based browser you're using and the version number of the artifact is the same as Selenium's.
]]></system-err>
  </testcase>
  <testcase name="testPromoCodeApplication[DISCOUNT10, 10](1)" classname="com.coffeecart.tests.CheckoutTests" time="1.999">
    <system-out><![CDATA[Starting test: testPromoCodeApplication
Test passed: testPromoCodeApplication
]]></system-out>
  </testcase>
  <testcase name="testMenuItemsDisplay" classname="com.coffeecart.tests.MenuTests" time="2.119">
    <system-out><![CDATA[Starting test: testMenuItemsDisplay
Test passed: testMenuItemsDisplay
]]></system-out>
    <system-err><![CDATA[Oct 07, 2025 7:12:13 PM org.openqa.selenium.devtools.CdpVersionFinder findNearestMatch
WARNING: Unable to find CDP implementation matching 140
Oct 07, 2025 7:12:13 PM org.openqa.selenium.chromium.ChromiumDriver lambda$new$5
WARNING: Unable to find version of CDP to use for 140.0.7339.210. You may need to include a dependency on a specific version of the CDP using something similar to `org.seleniumhq.selenium:selenium-devtools-v86:4.14.0` where the version ("v86") matches the version of the chromium-based browser you're using and the version number of the artifact is the same as Selenium's.
]]></system-err>
  </testcase>
  <testcase name="testMenuItemsDisplay" classname="com.coffeecart.tests.MenuTests" time="2.049">
    <system-out><![CDATA[Starting test: testRemoveItemFromCart
Starting test: testMenuItemsDisplay
Test passed: testMenuItemsDisplay
]]></system-out>
    <system-err><![CDATA[Oct 07, 2025 7:12:42 PM org.openqa.selenium.devtools.CdpVersionFinder findNearestMatch
WARNING: Unable to find CDP implementation matching 140
Oct 07, 2025 7:12:42 PM org.openqa.selenium.chromium.ChromiumDriver lambda$new$5
WARNING: Unable to find version of CDP to use for 140.0.7339.210. You may need to include a dependency on a specific version of the CDP using something similar to `org.seleniumhq.selenium:selenium-devtools-v86:4.14.0` where the version ("v86") matches the version of the chromium-based browser you're using and the version number of the artifact is the same as Selenium's.
]]></system-err>
  </testcase>
  <testcase name="testAddItemToCart" classname="com.coffeecart.tests.MenuTests" time="2.742">
    <system-out><![CDATA[Starting test: testAddItemToCart
Starting test: testCompleteCheckoutProcess
Test passed: testAddItemToCart
]]></system-out>
    <system-err><![CDATA[Oct 07, 2025 7:12:23 PM org.openqa.selenium.devtools.CdpVersionFinder findNearestMatch
WARNING: Unable to find CDP implementation matching 140
Oct 07, 2025 7:12:23 PM org.openqa.selenium.chromium.ChromiumDriver lambda$new$5
WARNING: Unable to find version of CDP to use for 140.0.7339.210. You may need to include a dependency on a specific version of the CDP using something similar to `org.seleniumhq.selenium:selenium-devtools-v86:4.14.0` where the version ("v86") matches the version of the chromium-based browser you're using and the version number of the artifact is the same as Selenium's.
]]></system-err>
  </testcase>
  <testcase name="testAddItemToCart" classname="com.coffeecart.tests.MenuTests" time="1.269">
    <system-out><![CDATA[Starting test: testAddItemToCart
Starting test: testAddEspresso
Test passed: testAddItemToCart
]]></system-out>
    <system-err><![CDATA[Oct 07, 2025 7:13:08 PM org.openqa.selenium.devtools.CdpVersionFinder findNearestMatch
WARNING: Unable to find CDP implementation matching 140
Oct 07, 2025 7:13:08 PM org.openqa.selenium.chromium.ChromiumDriver lambda$new$5
WARNING: Unable to find version of CDP to use for 140.0.7339.210. You may need to include a dependency on a specific version of the CDP using something similar to `org.seleniumhq.selenium:selenium-devtools-v86:4.14.0` where the version ("v86") matches the version of the chromium-based browser you're using and the version number of the artifact is the same as Selenium's.
]]></system-err>
  </testcase>
  <testcase name="testAddEspresso" classname="com.coffeecart.tests.MenuTests" time="2.81">
    <system-out><![CDATA[Test passed: testAddEspresso
]]></system-out>
  </testcase>
  <testcase name="testAddEspresso" classname="com.coffeecart.tests.MenuTests" time="1.144">
    <system-out><![CDATA[Test passed: testAddEspresso
]]></system-out>
  </testcase>
  <testcase name="testAddCappuccino" classname="com.coffeecart.tests.MenuTests" time="0.952">
    <system-out><![CDATA[Starting test: testAddCappuccino
Test passed: testAddCappuccino
]]></system-out>
    <system-err><![CDATA[Oct 07, 2025 7:13:42 PM org.openqa.selenium.remote.http.WebSocket$Listener onError
WARNING: Connection reset
java.net.SocketException: Connection reset
	at java.base/sun.nio.ch.SocketChannelImpl.throwConnectionReset(SocketChannelImpl.java:399)
	at java.base/sun.nio.ch.SocketChannelImpl.implRead(SocketChannelImpl.java:431)
	at java.base/sun.nio.ch.SocketChannelImpl.read(SocketChannelImpl.java:489)
	at java.net.http/jdk.internal.net.http.SocketTube.readAvailable(SocketTube.java:1216)
	at java.net.http/jdk.internal.net.http.SocketTube$InternalReadPublisher$InternalReadSubscription.read(SocketTube.java:872)
	at java.net.http/jdk.internal.net.http.SocketTube$SocketFlowTask.run(SocketTube.java:182)
	at java.net.http/jdk.internal.net.http.common.SequentialScheduler$SchedulableTask.run(SequentialScheduler.java:207)
	at java.net.http/jdk.internal.net.http.common.SequentialScheduler.runOrSchedule(SequentialScheduler.java:280)
	at java.net.http/jdk.internal.net.http.common.SequentialScheduler.runOrSchedule(SequentialScheduler.java:233)
	at java.net.http/jdk.internal.net.http.SocketTube$InternalReadPublisher$InternalReadSubscription.signalReadable(SocketTube.java:813)
	at java.net.http/jdk.internal.net.http.SocketTube$InternalReadPublisher$ReadEvent.signalEvent(SocketTube.java:1003)
	at java.net.http/jdk.internal.net.http.SocketTube$SocketFlowEvent.handle(SocketTube.java:254)
	at java.net.http/jdk.internal.net.http.HttpClientImpl$SelectorManager.handleEvent(HttpClientImpl.java:1439)
	at java.net.http/jdk.internal.net.http.HttpClientImpl$SelectorManager.lambda$run$3(HttpClientImpl.java:1384)
	at java.base/java.util.ArrayList.forEach(ArrayList.java:1604)
	at java.net.http/jdk.internal.net.http.HttpClientImpl$SelectorManager.run(HttpClientImpl.java:1384)

Oct 07, 2025 7:13:46 PM org.openqa.selenium.devtools.CdpVersionFinder findNearestMatch
WARNING: Unable to find CDP implementation matching 140
Oct 07, 2025 7:13:46 PM org.openqa.selenium.chromium.ChromiumDriver lambda$new$5
WARNING: Unable to find version of CDP to use for 140.0.7339.210. You may need to include a dependency on a specific version of the CDP using something similar to `org.seleniumhq.selenium:selenium-devtools-v86:4.14.0` where the version ("v86") matches the version of the chromium-based browser you're using and the version number of the artifact is the same as Selenium's.
]]></system-err>
  </testcase>
  <testcase name="testAddCappuccino" classname="com.coffeecart.tests.MenuTests" time="0.85">
    <system-out><![CDATA[=== Test Execution Summary ===
Total Tests: 16
Passed: 20
Failed: 0
Skipped: 0
==============================
Starting test: testAddCappuccino
Test passed: testAddCappuccino
]]></system-out>
  </testcase>
  <testcase name="testAddMultipleItems" classname="com.coffeecart.tests.MenuTests" time="0.038">
    <system-out><![CDATA[Starting test: testAddMultipleItems
Starting test: testAddEspresso
Test passed: testAddMultipleItems
]]></system-out>
    <system-err><![CDATA[Oct 07, 2025 7:14:35 PM org.openqa.selenium.devtools.CdpVersionFinder findNearestMatch
WARNING: Unable to find CDP implementation matching 140
Oct 07, 2025 7:14:35 PM org.openqa.selenium.chromium.ChromiumDriver lambda$new$5
WARNING: Unable to find version of CDP to use for 140.0.7339.210. You may need to include a dependency on a specific version of the CDP using something similar to `org.seleniumhq.selenium:selenium-devtools-v86:4.14.0` where the version ("v86") matches the version of the chromium-based browser you're using and the version number of the artifact is the same as Selenium's.
]]></system-err>
  </testcase>
  <testcase name="testAddMultipleItems" classname="com.coffeecart.tests.MenuTests" time="2.332">
    <system-out><![CDATA[Starting test: testAddMultipleItems
Test passed: testAddMultipleItems
]]></system-out>
  </testcase>
  <testcase name="testAddMultipleItemsToCart[Espresso, 1, $10.00](1)" classname="com.coffeecart.tests.MenuTests" time="1.98">
    <system-out><![CDATA[Starting test: testAddMultipleItemsToCart
Test passed: testAddMultipleItemsToCart
]]></system-out>
    <system-err><![CDATA[Oct 07, 2025 7:15:02 PM org.openqa.selenium.devtools.CdpVersionFinder findNearestMatch
WARNING: Unable to find CDP implementation matching 140
Oct 07, 2025 7:15:02 PM org.openqa.selenium.chromium.ChromiumDriver lambda$new$5
WARNING: Unable to find version of CDP to use for 140.0.7339.210. You may need to include a dependency on a specific version of the CDP using something similar to `org.seleniumhq.selenium:selenium-devtools-v86:4.14.0` where the version ("v86") matches the version of the chromium-based browser you're using and the version number of the artifact is the same as Selenium's.
]]></system-err>
  </testcase>
  <testcase name="testAddMultipleItemsToCart[Espresso, 1, $10.00](1)" classname="com.coffeecart.tests.MenuTests" time="2.199">
    <system-out><![CDATA[Starting test: testAddMultipleItemsToCart
Test passed: testAddMultipleItemsToCart
]]></system-out>
  </testcase>
  <testcase name="testAddMultipleItemsToCart[Cappuccino, 1, $19.00](2)" classname="com.coffeecart.tests.MenuTests" time="2.175">
    <system-out><![CDATA[Starting test: testAddMultipleItemsToCart
Starting test: testCheckoutWithEmptyName
Test passed: testAddMultipleItemsToCart
]]></system-out>
    <system-err><![CDATA[Oct 07, 2025 7:15:10 PM org.openqa.selenium.devtools.CdpVersionFinder findNearestMatch
WARNING: Unable to find CDP implementation matching 140
Oct 07, 2025 7:15:10 PM org.openqa.selenium.chromium.ChromiumDriver lambda$new$5
WARNING: Unable to find version of CDP to use for 140.0.7339.210. You may need to include a dependency on a specific version of the CDP using something similar to `org.seleniumhq.selenium:selenium-devtools-v86:4.14.0` where the version ("v86") matches the version of the chromium-based browser you're using and the version number of the artifact is the same as Selenium's.
]]></system-err>
  </testcase>
  <testcase name="testAddMultipleItemsToCart[Cappuccino, 1, $19.00](2)" classname="com.coffeecart.tests.MenuTests" time="2.15">
    <system-out><![CDATA[Starting test: testAddMultipleItemsToCart
Test passed: testAddMultipleItemsToCart
]]></system-out>
  </testcase>
  <testcase name="testAddMultipleItemsToCart[Americano, 1, $7.00](3)" classname="com.coffeecart.tests.MenuTests" time="2.175">
    <system-out><![CDATA[Starting test: testAddMultipleItemsToCart
Test passed: testAddMultipleItemsToCart
]]></system-out>
    <system-err><![CDATA[Oct 07, 2025 7:15:25 PM org.openqa.selenium.devtools.CdpVersionFinder findNearestMatch
WARNING: Unable to find CDP implementation matching 140
Oct 07, 2025 7:15:25 PM org.openqa.selenium.chromium.ChromiumDriver lambda$new$5
WARNING: Unable to find version of CDP to use for 140.0.7339.210. You may need to include a dependency on a specific version of the CDP using something similar to `org.seleniumhq.selenium:selenium-devtools-v86:4.14.0` where the version ("v86") matches the version of the chromium-based browser you're using and the version number of the artifact is the same as Selenium's.
]]></system-err>
  </testcase>
  <testcase name="testAddMultipleItemsToCart[Americano, 1, $7.00](3)" classname="com.coffeecart.tests.MenuTests" time="2.314">
    <system-out><![CDATA[Starting test: testAddMultipleItemsToCart
Test passed: testAddMultipleItemsToCart
]]></system-out>
  </testcase>
</testsuite>