<?xml version="1.0" encoding="UTF-8"?>
<testng-results ignored="0" total="40" passed="40" failed="0" skipped="0">
  <reporter-output>
  </reporter-output>
  <suite started-at="2025-10-07T19:11:49 IST" name="Coffee Cart Test Suite" finished-at="2025-10-07T19:17:55 IST" duration-ms="366253">
    <groups>
    </groups>
    <test started-at="2025-10-07T19:11:49 IST" name="Chrome Tests" finished-at="2025-10-07T19:15:30 IST" duration-ms="221035">
      <class name="com.coffeecart.tests.CheckoutTests">
        <test-method is-config="true" signature="setup(java.lang.String)[pri:0, instance:com.coffeecart.tests.CheckoutTests@2e4b8173]" started-at="2025-10-07T19:11:59 IST" name="setup" finished-at="2025-10-07T19:12:04 IST" duration-ms="4924" status="PASS">
          <params>
            <param index="0">
              <value>
                <![CDATA[chrome]]>
              </value>
            </param>
          </params>
          <reporter-output>
          </reporter-output>
        </test-method> <!-- setup -->
        <test-method signature="testCompleteCheckoutProcess()[pri:1, instance:com.coffeecart.tests.CheckoutTests@2e4b8173]" started-at="2025-10-07T19:12:04 IST" name="testCompleteCheckoutProcess" description="Verify checkout process with valid data" finished-at="2025-10-07T19:12:10 IST" duration-ms="5236" status="PASS">
          <reporter-output>
          </reporter-output>
        </test-method> <!-- testCompleteCheckoutProcess -->
        <test-method is-config="true" signature="tearDown()[pri:0, instance:com.coffeecart.tests.CheckoutTests@2e4b8173]" started-at="2025-10-07T19:12:10 IST" name="tearDown" finished-at="2025-10-07T19:12:10 IST" duration-ms="851" status="PASS">
          <reporter-output>
          </reporter-output>
        </test-method> <!-- tearDown -->
        <test-method is-config="true" signature="setup(java.lang.String)[pri:0, instance:com.coffeecart.tests.CheckoutTests@2e4b8173]" started-at="2025-10-07T19:12:32 IST" name="setup" finished-at="2025-10-07T19:12:35 IST" duration-ms="2679" status="PASS">
          <params>
            <param index="0">
              <value>
                <![CDATA[chrome]]>
              </value>
            </param>
          </params>
          <reporter-output>
          </reporter-output>
        </test-method> <!-- setup -->
        <test-method signature="testFormValidation()[pri:2, instance:com.coffeecart.tests.CheckoutTests@2e4b8173]" started-at="2025-10-07T19:12:35 IST" name="testFormValidation" description="Verify customer information form validation" finished-at="2025-10-07T19:12:38 IST" duration-ms="3323" status="PASS">
          <reporter-output>
          </reporter-output>
        </test-method> <!-- testFormValidation -->
        <test-method is-config="true" signature="tearDown()[pri:0, instance:com.coffeecart.tests.CheckoutTests@2e4b8173]" started-at="2025-10-07T19:12:38 IST" name="tearDown" finished-at="2025-10-07T19:12:40 IST" duration-ms="1308" status="PASS">
          <reporter-output>
          </reporter-output>
        </test-method> <!-- tearDown -->
        <test-method is-config="true" signature="setup(java.lang.String)[pri:0, instance:com.coffeecart.tests.CheckoutTests@2e4b8173]" started-at="2025-10-07T19:13:26 IST" name="setup" finished-at="2025-10-07T19:13:31 IST" duration-ms="4989" status="PASS">
          <params>
            <param index="0">
              <value>
                <![CDATA[chrome]]>
              </value>
            </param>
          </params>
          <reporter-output>
          </reporter-output>
        </test-method> <!-- setup -->
        <test-method signature="testCheckoutWithEmptyName()[pri:3, instance:com.coffeecart.tests.CheckoutTests@2e4b8173]" started-at="2025-10-07T19:13:31 IST" name="testCheckoutWithEmptyName" description="Verify checkout with empty name field" finished-at="2025-10-07T19:13:39 IST" duration-ms="8020" status="PASS">
          <reporter-output>
          </reporter-output>
        </test-method> <!-- testCheckoutWithEmptyName -->
        <test-method is-config="true" signature="tearDown()[pri:0, instance:com.coffeecart.tests.CheckoutTests@2e4b8173]" started-at="2025-10-07T19:13:39 IST" name="tearDown" finished-at="2025-10-07T19:13:43 IST" duration-ms="3786" status="PASS">
          <reporter-output>
          </reporter-output>
        </test-method> <!-- tearDown -->
        <test-method is-config="true" signature="setup(java.lang.String)[pri:0, instance:com.coffeecart.tests.CheckoutTests@2e4b8173]" started-at="2025-10-07T19:13:58 IST" name="setup" finished-at="2025-10-07T19:14:02 IST" duration-ms="3997" status="PASS">
          <params>
            <param index="0">
              <value>
                <![CDATA[chrome]]>
              </value>
            </param>
          </params>
          <reporter-output>
          </reporter-output>
        </test-method> <!-- setup -->
        <test-method signature="testCheckoutWithInvalidEmail(java.lang.String,java.lang.String)[pri:4, instance:com.coffeecart.tests.CheckoutTests@2e4b8173]" started-at="2025-10-07T19:14:02 IST" name="testCheckoutWithInvalidEmail" description="Verify checkout with invalid email" data-provider="invalidEmails" finished-at="2025-10-07T19:14:08 IST" duration-ms="6788" status="PASS">
          <params>
            <param index="0">
              <value>
                <![CDATA[invalid-email]]>
              </value>
            </param>
            <param index="1">
              <value>
                <![CDATA[password123]]>
              </value>
            </param>
          </params>
          <reporter-output>
          </reporter-output>
        </test-method> <!-- testCheckoutWithInvalidEmail -->
        <test-method is-config="true" signature="tearDown()[pri:0, instance:com.coffeecart.tests.CheckoutTests@2e4b8173]" started-at="2025-10-07T19:14:08 IST" name="tearDown" finished-at="2025-10-07T19:14:10 IST" duration-ms="1089" status="PASS">
          <reporter-output>
          </reporter-output>
        </test-method> <!-- tearDown -->
        <test-method is-config="true" signature="setup(java.lang.String)[pri:0, instance:com.coffeecart.tests.CheckoutTests@2e4b8173]" started-at="2025-10-07T19:14:10 IST" name="setup" finished-at="2025-10-07T19:14:14 IST" duration-ms="4649" status="PASS">
          <params>
            <param index="0">
              <value>
                <![CDATA[chrome]]>
              </value>
            </param>
          </params>
          <reporter-output>
          </reporter-output>
        </test-method> <!-- setup -->
        <test-method signature="testCheckoutWithInvalidEmail(java.lang.String,java.lang.String)[pri:4, instance:com.coffeecart.tests.CheckoutTests@2e4b8173]" started-at="2025-10-07T19:14:14 IST" name="testCheckoutWithInvalidEmail" description="Verify checkout with invalid email" data-provider="invalidEmails" finished-at="2025-10-07T19:14:19 IST" duration-ms="5000" status="PASS">
          <params>
            <param index="0">
              <value>
                <![CDATA[@example.com]]>
              </value>
            </param>
            <param index="1">
              <value>
                <![CDATA[password123]]>
              </value>
            </param>
          </params>
          <reporter-output>
          </reporter-output>
        </test-method> <!-- testCheckoutWithInvalidEmail -->
        <test-method is-config="true" signature="tearDown()[pri:0, instance:com.coffeecart.tests.CheckoutTests@2e4b8173]" started-at="2025-10-07T19:14:19 IST" name="tearDown" finished-at="2025-10-07T19:14:20 IST" duration-ms="1124" status="PASS">
          <reporter-output>
          </reporter-output>
        </test-method> <!-- tearDown -->
        <test-method is-config="true" signature="setup(java.lang.String)[pri:0, instance:com.coffeecart.tests.CheckoutTests@2e4b8173]" started-at="2025-10-07T19:14:20 IST" name="setup" finished-at="2025-10-07T19:14:24 IST" duration-ms="3213" status="PASS">
          <params>
            <param index="0">
              <value>
                <![CDATA[chrome]]>
              </value>
            </param>
          </params>
          <reporter-output>
          </reporter-output>
        </test-method> <!-- setup -->
        <test-method signature="testCheckoutWithInvalidEmail(java.lang.String,java.lang.String)[pri:4, instance:com.coffeecart.tests.CheckoutTests@2e4b8173]" started-at="2025-10-07T19:14:24 IST" name="testCheckoutWithInvalidEmail" description="Verify checkout with invalid email" data-provider="invalidEmails" finished-at="2025-10-07T19:14:30 IST" duration-ms="6499" status="PASS">
          <params>
            <param index="0">
              <value>
                <![CDATA[test@]]>
              </value>
            </param>
            <param index="1">
              <value>
                <![CDATA[password123]]>
              </value>
            </param>
          </params>
          <reporter-output>
          </reporter-output>
        </test-method> <!-- testCheckoutWithInvalidEmail -->
        <test-method is-config="true" signature="tearDown()[pri:0, instance:com.coffeecart.tests.CheckoutTests@2e4b8173]" started-at="2025-10-07T19:14:30 IST" name="tearDown" finished-at="2025-10-07T19:14:31 IST" duration-ms="1214" status="PASS">
          <reporter-output>
          </reporter-output>
        </test-method> <!-- tearDown -->
        <test-method is-config="true" signature="setup(java.lang.String)[pri:0, instance:com.coffeecart.tests.CheckoutTests@2e4b8173]" started-at="2025-10-07T19:14:49 IST" name="setup" finished-at="2025-10-07T19:14:53 IST" duration-ms="4141" status="PASS">
          <params>
            <param index="0">
              <value>
                <![CDATA[chrome]]>
              </value>
            </param>
          </params>
          <reporter-output>
          </reporter-output>
        </test-method> <!-- setup -->
        <test-method signature="testPromoCodeApplication(java.lang.String,java.lang.String)[pri:5, instance:com.coffeecart.tests.CheckoutTests@2e4b8173]" started-at="2025-10-07T19:14:53 IST" name="testPromoCodeApplication" description="Verify promo code application" data-provider="promoCodes" finished-at="2025-10-07T19:14:59 IST" duration-ms="5169" status="PASS">
          <params>
            <param index="0">
              <value>
                <![CDATA[DISCOUNT10]]>
              </value>
            </param>
            <param index="1">
              <value>
                <![CDATA[10]]>
              </value>
            </param>
          </params>
          <reporter-output>
          </reporter-output>
        </test-method> <!-- testPromoCodeApplication -->
        <test-method is-config="true" signature="tearDown()[pri:0, instance:com.coffeecart.tests.CheckoutTests@2e4b8173]" started-at="2025-10-07T19:14:59 IST" name="tearDown" finished-at="2025-10-07T19:15:00 IST" duration-ms="1080" status="PASS">
          <reporter-output>
          </reporter-output>
        </test-method> <!-- tearDown -->
      </class> <!-- com.coffeecart.tests.CheckoutTests -->
      <class name="com.coffeecart.tests.MenuTests">
        <test-method is-config="true" signature="setup(java.lang.String)[pri:0, instance:com.coffeecart.tests.MenuTests@7f552bd3]" started-at="2025-10-07T19:12:10 IST" name="setup" finished-at="2025-10-07T19:12:16 IST" duration-ms="5882" status="PASS">
          <params>
            <param index="0">
              <value>
                <![CDATA[chrome]]>
              </value>
            </param>
          </params>
          <reporter-output>
          </reporter-output>
        </test-method> <!-- setup -->
        <test-method signature="testMenuItemsDisplay()[pri:1, instance:com.coffeecart.tests.MenuTests@7f552bd3]" started-at="2025-10-07T19:12:16 IST" name="testMenuItemsDisplay" description="Verify menu items are displayed" finished-at="2025-10-07T19:12:18 IST" duration-ms="2087" status="PASS">
          <reporter-output>
          </reporter-output>
        </test-method> <!-- testMenuItemsDisplay -->
        <test-method is-config="true" signature="tearDown()[pri:0, instance:com.coffeecart.tests.MenuTests@7f552bd3]" started-at="2025-10-07T19:12:18 IST" name="tearDown" finished-at="2025-10-07T19:12:20 IST" duration-ms="1346" status="PASS">
          <reporter-output>
          </reporter-output>
        </test-method> <!-- tearDown -->
        <test-method is-config="true" signature="setup(java.lang.String)[pri:0, instance:com.coffeecart.tests.MenuTests@7f552bd3]" started-at="2025-10-07T19:12:20 IST" name="setup" finished-at="2025-10-07T19:12:25 IST" duration-ms="5054" status="PASS">
          <params>
            <param index="0">
              <value>
                <![CDATA[chrome]]>
              </value>
            </param>
          </params>
          <reporter-output>
          </reporter-output>
        </test-method> <!-- setup -->
        <test-method signature="testAddItemToCart()[pri:2, instance:com.coffeecart.tests.MenuTests@7f552bd3]" started-at="2025-10-07T19:12:25 IST" name="testAddItemToCart" description="Verify adding items to cart" finished-at="2025-10-07T19:12:32 IST" duration-ms="6706" status="PASS">
          <reporter-output>
          </reporter-output>
        </test-method> <!-- testAddItemToCart -->
        <test-method is-config="true" signature="tearDown()[pri:0, instance:com.coffeecart.tests.MenuTests@7f552bd3]" started-at="2025-10-07T19:12:32 IST" name="tearDown" finished-at="2025-10-07T19:12:32 IST" duration-ms="899" status="PASS">
          <reporter-output>
          </reporter-output>
        </test-method> <!-- tearDown -->
        <test-method is-config="true" signature="setup(java.lang.String)[pri:0, instance:com.coffeecart.tests.MenuTests@7f552bd3]" started-at="2025-10-07T19:13:02 IST" name="setup" finished-at="2025-10-07T19:13:11 IST" duration-ms="8895" status="PASS">
          <params>
            <param index="0">
              <value>
                <![CDATA[chrome]]>
              </value>
            </param>
          </params>
          <reporter-output>
          </reporter-output>
        </test-method> <!-- setup -->
        <test-method signature="testAddEspresso()[pri:3, instance:com.coffeecart.tests.MenuTests@7f552bd3]" started-at="2025-10-07T19:13:11 IST" name="testAddEspresso" description="Add Espresso to cart" finished-at="2025-10-07T19:13:14 IST" duration-ms="2708" status="PASS">
          <reporter-output>
          </reporter-output>
        </test-method> <!-- testAddEspresso -->
        <test-method is-config="true" signature="tearDown()[pri:0, instance:com.coffeecart.tests.MenuTests@7f552bd3]" started-at="2025-10-07T19:13:14 IST" name="tearDown" finished-at="2025-10-07T19:13:18 IST" duration-ms="4489" status="PASS">
          <reporter-output>
          </reporter-output>
        </test-method> <!-- tearDown -->
        <test-method is-config="true" signature="setup(java.lang.String)[pri:0, instance:com.coffeecart.tests.MenuTests@7f552bd3]" started-at="2025-10-07T19:13:43 IST" name="setup" finished-at="2025-10-07T19:13:48 IST" duration-ms="5148" status="PASS">
          <params>
            <param index="0">
              <value>
                <![CDATA[chrome]]>
              </value>
            </param>
          </params>
          <reporter-output>
          </reporter-output>
        </test-method> <!-- setup -->
        <test-method signature="testAddCappuccino()[pri:4, instance:com.coffeecart.tests.MenuTests@7f552bd3]" started-at="2025-10-07T19:13:48 IST" name="testAddCappuccino" description="Add Cappuccino to cart" finished-at="2025-10-07T19:13:49 IST" duration-ms="951" status="PASS">
          <reporter-output>
          </reporter-output>
        </test-method> <!-- testAddCappuccino -->
        <test-method is-config="true" signature="tearDown()[pri:0, instance:com.coffeecart.tests.MenuTests@7f552bd3]" started-at="2025-10-07T19:13:49 IST" name="tearDown" finished-at="2025-10-07T19:13:51 IST" duration-ms="1480" status="PASS">
          <reporter-output>
          </reporter-output>
        </test-method> <!-- tearDown -->
        <test-method is-config="true" signature="setup(java.lang.String)[pri:0, instance:com.coffeecart.tests.MenuTests@7f552bd3]" started-at="2025-10-07T19:14:31 IST" name="setup" finished-at="2025-10-07T19:14:37 IST" duration-ms="5686" status="PASS">
          <params>
            <param index="0">
              <value>
                <![CDATA[chrome]]>
              </value>
            </param>
          </params>
          <reporter-output>
          </reporter-output>
        </test-method> <!-- setup -->
        <test-method signature="testAddMultipleItems()[pri:5, instance:com.coffeecart.tests.MenuTests@7f552bd3]" started-at="2025-10-07T19:14:37 IST" name="testAddMultipleItems" description="Add multiple items to cart" finished-at="2025-10-07T19:14:41 IST" duration-ms="3617" status="PASS">
          <reporter-output>
          </reporter-output>
        </test-method> <!-- testAddMultipleItems -->
        <test-method is-config="true" signature="tearDown()[pri:0, instance:com.coffeecart.tests.MenuTests@7f552bd3]" started-at="2025-10-07T19:14:41 IST" name="tearDown" finished-at="2025-10-07T19:14:44 IST" duration-ms="3163" status="PASS">
          <reporter-output>
          </reporter-output>
        </test-method> <!-- tearDown -->
        <test-method is-config="true" signature="setup(java.lang.String)[pri:0, instance:com.coffeecart.tests.MenuTests@7f552bd3]" started-at="2025-10-07T19:15:00 IST" name="setup" finished-at="2025-10-07T19:15:05 IST" duration-ms="4860" status="PASS">
          <params>
            <param index="0">
              <value>
                <![CDATA[chrome]]>
              </value>
            </param>
          </params>
          <reporter-output>
          </reporter-output>
        </test-method> <!-- setup -->
        <test-method signature="testAddMultipleItemsToCart(java.lang.String,java.lang.String,java.lang.String)[pri:6, instance:com.coffeecart.tests.MenuTests@7f552bd3]" started-at="2025-10-07T19:15:05 IST" name="testAddMultipleItemsToCart" data-provider="coffeeItems" finished-at="2025-10-07T19:15:07 IST" duration-ms="1981" status="PASS">
          <params>
            <param index="0">
              <value>
                <![CDATA[Espresso]]>
              </value>
            </param>
            <param index="1">
              <value>
                <![CDATA[1]]>
              </value>
            </param>
            <param index="2">
              <value>
                <![CDATA[$10.00]]>
              </value>
            </param>
          </params>
          <reporter-output>
          </reporter-output>
        </test-method> <!-- testAddMultipleItemsToCart -->
        <test-method is-config="true" signature="tearDown()[pri:0, instance:com.coffeecart.tests.MenuTests@7f552bd3]" started-at="2025-10-07T19:15:07 IST" name="tearDown" finished-at="2025-10-07T19:15:08 IST" duration-ms="1884" status="PASS">
          <reporter-output>
          </reporter-output>
        </test-method> <!-- tearDown -->
        <test-method is-config="true" signature="setup(java.lang.String)[pri:0, instance:com.coffeecart.tests.MenuTests@7f552bd3]" started-at="2025-10-07T19:15:08 IST" name="setup" finished-at="2025-10-07T19:15:13 IST" duration-ms="4417" status="PASS">
          <params>
            <param index="0">
              <value>
                <![CDATA[chrome]]>
              </value>
            </param>
          </params>
          <reporter-output>
          </reporter-output>
        </test-method> <!-- setup -->
        <test-method signature="testAddMultipleItemsToCart(java.lang.String,java.lang.String,java.lang.String)[pri:6, instance:com.coffeecart.tests.MenuTests@7f552bd3]" started-at="2025-10-07T19:15:13 IST" name="testAddMultipleItemsToCart" data-provider="coffeeItems" finished-at="2025-10-07T19:15:19 IST" duration-ms="6000" status="PASS">
          <params>
            <param index="0">
              <value>
                <![CDATA[Cappuccino]]>
              </value>
            </param>
            <param index="1">
              <value>
                <![CDATA[1]]>
              </value>
            </param>
            <param index="2">
              <value>
                <![CDATA[$19.00]]>
              </value>
            </param>
          </params>
          <reporter-output>
          </reporter-output>
        </test-method> <!-- testAddMultipleItemsToCart -->
        <test-method is-config="true" signature="tearDown()[pri:0, instance:com.coffeecart.tests.MenuTests@7f552bd3]" started-at="2025-10-07T19:15:19 IST" name="tearDown" finished-at="2025-10-07T19:15:22 IST" duration-ms="3115" status="PASS">
          <reporter-output>
          </reporter-output>
        </test-method> <!-- tearDown -->
        <test-method is-config="true" signature="setup(java.lang.String)[pri:0, instance:com.coffeecart.tests.MenuTests@7f552bd3]" started-at="2025-10-07T19:15:22 IST" name="setup" finished-at="2025-10-07T19:15:27 IST" duration-ms="4767" status="PASS">
          <params>
            <param index="0">
              <value>
                <![CDATA[chrome]]>
              </value>
            </param>
          </params>
          <reporter-output>
          </reporter-output>
        </test-method> <!-- setup -->
        <test-method signature="testAddMultipleItemsToCart(java.lang.String,java.lang.String,java.lang.String)[pri:6, instance:com.coffeecart.tests.MenuTests@7f552bd3]" started-at="2025-10-07T19:15:27 IST" name="testAddMultipleItemsToCart" data-provider="coffeeItems" finished-at="2025-10-07T19:15:29 IST" duration-ms="2174" status="PASS">
          <params>
            <param index="0">
              <value>
                <![CDATA[Americano]]>
              </value>
            </param>
            <param index="1">
              <value>
                <![CDATA[1]]>
              </value>
            </param>
            <param index="2">
              <value>
                <![CDATA[$7.00]]>
              </value>
            </param>
          </params>
          <reporter-output>
          </reporter-output>
        </test-method> <!-- testAddMultipleItemsToCart -->
        <test-method is-config="true" signature="tearDown()[pri:0, instance:com.coffeecart.tests.MenuTests@7f552bd3]" started-at="2025-10-07T19:15:29 IST" name="tearDown" finished-at="2025-10-07T19:15:30 IST" duration-ms="1240" status="PASS">
          <reporter-output>
          </reporter-output>
        </test-method> <!-- tearDown -->
      </class> <!-- com.coffeecart.tests.MenuTests -->
      <class name="com.coffeecart.tests.CartTests">
        <test-method is-config="true" signature="setup(java.lang.String)[pri:0, instance:com.coffeecart.tests.CartTests@72a7c7e0]" started-at="2025-10-07T19:11:49 IST" name="setup" finished-at="2025-10-07T19:11:55 IST" duration-ms="5667" status="PASS">
          <params>
            <param index="0">
              <value>
                <![CDATA[chrome]]>
              </value>
            </param>
          </params>
          <reporter-output>
          </reporter-output>
        </test-method> <!-- setup -->
        <test-method signature="testCartItemCount()[pri:1, instance:com.coffeecart.tests.CartTests@72a7c7e0]" started-at="2025-10-07T19:11:55 IST" name="testCartItemCount" description="Verify cart icon updates with item count" finished-at="2025-10-07T19:11:59 IST" duration-ms="3807" status="PASS">
          <reporter-output>
          </reporter-output>
        </test-method> <!-- testCartItemCount -->
        <test-method is-config="true" signature="tearDown()[pri:0, instance:com.coffeecart.tests.CartTests@72a7c7e0]" started-at="2025-10-07T19:11:59 IST" name="tearDown" finished-at="2025-10-07T19:11:59 IST" duration-ms="783" status="PASS">
          <reporter-output>
          </reporter-output>
        </test-method> <!-- tearDown -->
        <test-method is-config="true" signature="setup(java.lang.String)[pri:0, instance:com.coffeecart.tests.CartTests@72a7c7e0]" started-at="2025-10-07T19:12:40 IST" name="setup" finished-at="2025-10-07T19:12:44 IST" duration-ms="4577" status="PASS">
          <params>
            <param index="0">
              <value>
                <![CDATA[chrome]]>
              </value>
            </param>
          </params>
          <reporter-output>
          </reporter-output>
        </test-method> <!-- setup -->
        <test-method signature="testRemoveItemFromCart()[pri:2, instance:com.coffeecart.tests.CartTests@72a7c7e0]" started-at="2025-10-07T19:12:44 IST" name="testRemoveItemFromCart" description="Verify removing items from cart" finished-at="2025-10-07T19:13:01 IST" duration-ms="16268" status="PASS">
          <reporter-output>
          </reporter-output>
        </test-method> <!-- testRemoveItemFromCart -->
        <test-method is-config="true" signature="tearDown()[pri:0, instance:com.coffeecart.tests.CartTests@72a7c7e0]" started-at="2025-10-07T19:13:01 IST" name="tearDown" finished-at="2025-10-07T19:13:02 IST" duration-ms="1510" status="PASS">
          <reporter-output>
          </reporter-output>
        </test-method> <!-- tearDown -->
        <test-method is-config="true" signature="setup(java.lang.String)[pri:0, instance:com.coffeecart.tests.CartTests@72a7c7e0]" started-at="2025-10-07T19:13:18 IST" name="setup" finished-at="2025-10-07T19:13:23 IST" duration-ms="5106" status="PASS">
          <params>
            <param index="0">
              <value>
                <![CDATA[chrome]]>
              </value>
            </param>
          </params>
          <reporter-output>
          </reporter-output>
        </test-method> <!-- setup -->
        <test-method signature="testCartTotalCalculation()[pri:3, instance:com.coffeecart.tests.CartTests@72a7c7e0]" started-at="2025-10-07T19:13:23 IST" name="testCartTotalCalculation" description="Verify cart total calculation" finished-at="2025-10-07T19:13:25 IST" duration-ms="2138" status="PASS">
          <reporter-output>
          </reporter-output>
        </test-method> <!-- testCartTotalCalculation -->
        <test-method is-config="true" signature="tearDown()[pri:0, instance:com.coffeecart.tests.CartTests@72a7c7e0]" started-at="2025-10-07T19:13:25 IST" name="tearDown" finished-at="2025-10-07T19:13:26 IST" duration-ms="687" status="PASS">
          <reporter-output>
          </reporter-output>
        </test-method> <!-- tearDown -->
        <test-method is-config="true" signature="setup(java.lang.String)[pri:0, instance:com.coffeecart.tests.CartTests@72a7c7e0]" started-at="2025-10-07T19:13:51 IST" name="setup" finished-at="2025-10-07T19:13:56 IST" duration-ms="5331" status="PASS">
          <params>
            <param index="0">
              <value>
                <![CDATA[chrome]]>
              </value>
            </param>
          </params>
          <reporter-output>
          </reporter-output>
        </test-method> <!-- setup -->
        <test-method signature="testCheckoutButton()[pri:4, instance:com.coffeecart.tests.CartTests@72a7c7e0]" started-at="2025-10-07T19:13:56 IST" name="testCheckoutButton" description="Verify checkout button functionality" finished-at="2025-10-07T19:13:57 IST" duration-ms="850" status="PASS">
          <reporter-output>
          </reporter-output>
        </test-method> <!-- testCheckoutButton -->
        <test-method is-config="true" signature="tearDown()[pri:0, instance:com.coffeecart.tests.CartTests@72a7c7e0]" started-at="2025-10-07T19:13:57 IST" name="tearDown" finished-at="2025-10-07T19:13:57 IST" duration-ms="774" status="PASS">
          <reporter-output>
          </reporter-output>
        </test-method> <!-- tearDown -->
        <test-method is-config="true" signature="setup(java.lang.String)[pri:0, instance:com.coffeecart.tests.CartTests@72a7c7e0]" started-at="2025-10-07T19:14:44 IST" name="setup" finished-at="2025-10-07T19:14:48 IST" duration-ms="4632" status="PASS">
          <params>
            <param index="0">
              <value>
                <![CDATA[chrome]]>
              </value>
            </param>
          </params>
          <reporter-output>
          </reporter-output>
        </test-method> <!-- setup -->
        <test-method signature="testEmptyCartBehavior()[pri:5, instance:com.coffeecart.tests.CartTests@72a7c7e0]" started-at="2025-10-07T19:14:48 IST" name="testEmptyCartBehavior" description="Verify empty cart behavior" finished-at="2025-10-07T19:14:49 IST" duration-ms="181" status="PASS">
          <reporter-output>
          </reporter-output>
        </test-method> <!-- testEmptyCartBehavior -->
        <test-method is-config="true" signature="tearDown()[pri:0, instance:com.coffeecart.tests.CartTests@72a7c7e0]" started-at="2025-10-07T19:14:49 IST" name="tearDown" finished-at="2025-10-07T19:14:49 IST" duration-ms="783" status="PASS">
          <reporter-output>
          </reporter-output>
        </test-method> <!-- tearDown -->
      </class> <!-- com.coffeecart.tests.CartTests -->
    </test> <!-- Chrome Tests -->
    <test started-at="2025-10-07T19:11:49 IST" name="Firefox Tests" finished-at="2025-10-07T19:17:55 IST" duration-ms="366253">
      <class name="com.coffeecart.tests.CheckoutTests">
        <test-method is-config="true" signature="setup(java.lang.String)[pri:0, instance:com.coffeecart.tests.CheckoutTests@15eb5ee5]" started-at="2025-10-07T19:12:16 IST" name="setup" finished-at="2025-10-07T19:12:29 IST" duration-ms="13194" status="PASS">
          <params>
            <param index="0">
              <value>
                <![CDATA[firefox]]>
              </value>
            </param>
          </params>
          <reporter-output>
          </reporter-output>
        </test-method> <!-- setup -->
        <test-method signature="testCompleteCheckoutProcess()[pri:1, instance:com.coffeecart.tests.CheckoutTests@15eb5ee5]" started-at="2025-10-07T19:12:29 IST" name="testCompleteCheckoutProcess" description="Verify checkout process with valid data" finished-at="2025-10-07T19:12:33 IST" duration-ms="4041" status="PASS">
          <reporter-output>
          </reporter-output>
        </test-method> <!-- testCompleteCheckoutProcess -->
        <test-method is-config="true" signature="tearDown()[pri:0, instance:com.coffeecart.tests.CheckoutTests@15eb5ee5]" started-at="2025-10-07T19:12:33 IST" name="tearDown" finished-at="2025-10-07T19:12:36 IST" duration-ms="2741" status="PASS">
          <reporter-output>
          </reporter-output>
        </test-method> <!-- tearDown -->
        <test-method is-config="true" signature="setup(java.lang.String)[pri:0, instance:com.coffeecart.tests.CheckoutTests@15eb5ee5]" started-at="2025-10-07T19:13:18 IST" name="setup" finished-at="2025-10-07T19:13:40 IST" duration-ms="21516" status="PASS">
          <params>
            <param index="0">
              <value>
                <![CDATA[firefox]]>
              </value>
            </param>
          </params>
          <reporter-output>
          </reporter-output>
        </test-method> <!-- setup -->
        <test-method signature="testFormValidation()[pri:2, instance:com.coffeecart.tests.CheckoutTests@15eb5ee5]" started-at="2025-10-07T19:13:40 IST" name="testFormValidation" description="Verify customer information form validation" finished-at="2025-10-07T19:13:41 IST" duration-ms="1676" status="PASS">
          <reporter-output>
          </reporter-output>
        </test-method> <!-- testFormValidation -->
        <test-method is-config="true" signature="tearDown()[pri:0, instance:com.coffeecart.tests.CheckoutTests@15eb5ee5]" started-at="2025-10-07T19:13:41 IST" name="tearDown" finished-at="2025-10-07T19:13:46 IST" duration-ms="4956" status="PASS">
          <reporter-output>
          </reporter-output>
        </test-method> <!-- tearDown -->
        <test-method is-config="true" signature="setup(java.lang.String)[pri:0, instance:com.coffeecart.tests.CheckoutTests@15eb5ee5]" started-at="2025-10-07T19:15:04 IST" name="setup" finished-at="2025-10-07T19:15:17 IST" duration-ms="13141" status="PASS">
          <params>
            <param index="0">
              <value>
                <![CDATA[firefox]]>
              </value>
            </param>
          </params>
          <reporter-output>
          </reporter-output>
        </test-method> <!-- setup -->
        <test-method signature="testCheckoutWithEmptyName()[pri:3, instance:com.coffeecart.tests.CheckoutTests@15eb5ee5]" started-at="2025-10-07T19:15:17 IST" name="testCheckoutWithEmptyName" description="Verify checkout with empty name field" finished-at="2025-10-07T19:15:22 IST" duration-ms="4902" status="PASS">
          <reporter-output>
          </reporter-output>
        </test-method> <!-- testCheckoutWithEmptyName -->
        <test-method is-config="true" signature="tearDown()[pri:0, instance:com.coffeecart.tests.CheckoutTests@15eb5ee5]" started-at="2025-10-07T19:15:22 IST" name="tearDown" finished-at="2025-10-07T19:15:25 IST" duration-ms="3390" status="PASS">
          <reporter-output>
          </reporter-output>
        </test-method> <!-- tearDown -->
        <test-method is-config="true" signature="setup(java.lang.String)[pri:0, instance:com.coffeecart.tests.CheckoutTests@15eb5ee5]" started-at="2025-10-07T19:15:50 IST" name="setup" finished-at="2025-10-07T19:16:00 IST" duration-ms="9781" status="PASS">
          <params>
            <param index="0">
              <value>
                <![CDATA[firefox]]>
              </value>
            </param>
          </params>
          <reporter-output>
          </reporter-output>
        </test-method> <!-- setup -->
        <test-method signature="testCheckoutWithInvalidEmail(java.lang.String,java.lang.String)[pri:4, instance:com.coffeecart.tests.CheckoutTests@15eb5ee5]" started-at="2025-10-07T19:16:00 IST" name="testCheckoutWithInvalidEmail" description="Verify checkout with invalid email" data-provider="invalidEmails" finished-at="2025-10-07T19:16:04 IST" duration-ms="3828" status="PASS">
          <params>
            <param index="0">
              <value>
                <![CDATA[invalid-email]]>
              </value>
            </param>
            <param index="1">
              <value>
                <![CDATA[password123]]>
              </value>
            </param>
          </params>
          <reporter-output>
          </reporter-output>
        </test-method> <!-- testCheckoutWithInvalidEmail -->
        <test-method is-config="true" signature="tearDown()[pri:0, instance:com.coffeecart.tests.CheckoutTests@15eb5ee5]" started-at="2025-10-07T19:16:04 IST" name="tearDown" finished-at="2025-10-07T19:16:06 IST" duration-ms="1857" status="PASS">
          <reporter-output>
          </reporter-output>
        </test-method> <!-- tearDown -->
        <test-method is-config="true" signature="setup(java.lang.String)[pri:0, instance:com.coffeecart.tests.CheckoutTests@15eb5ee5]" started-at="2025-10-07T19:16:06 IST" name="setup" finished-at="2025-10-07T19:16:16 IST" duration-ms="10574" status="PASS">
          <params>
            <param index="0">
              <value>
                <![CDATA[firefox]]>
              </value>
            </param>
          </params>
          <reporter-output>
          </reporter-output>
        </test-method> <!-- setup -->
        <test-method signature="testCheckoutWithInvalidEmail(java.lang.String,java.lang.String)[pri:4, instance:com.coffeecart.tests.CheckoutTests@15eb5ee5]" started-at="2025-10-07T19:16:16 IST" name="testCheckoutWithInvalidEmail" description="Verify checkout with invalid email" data-provider="invalidEmails" finished-at="2025-10-07T19:16:20 IST" duration-ms="3773" status="PASS">
          <params>
            <param index="0">
              <value>
                <![CDATA[@example.com]]>
              </value>
            </param>
            <param index="1">
              <value>
                <![CDATA[password123]]>
              </value>
            </param>
          </params>
          <reporter-output>
          </reporter-output>
        </test-method> <!-- testCheckoutWithInvalidEmail -->
        <test-method is-config="true" signature="tearDown()[pri:0, instance:com.coffeecart.tests.CheckoutTests@15eb5ee5]" started-at="2025-10-07T19:16:20 IST" name="tearDown" finished-at="2025-10-07T19:16:21 IST" duration-ms="1353" status="PASS">
          <reporter-output>
          </reporter-output>
        </test-method> <!-- tearDown -->
        <test-method is-config="true" signature="setup(java.lang.String)[pri:0, instance:com.coffeecart.tests.CheckoutTests@15eb5ee5]" started-at="2025-10-07T19:16:21 IST" name="setup" finished-at="2025-10-07T19:16:31 IST" duration-ms="9268" status="PASS">
          <params>
            <param index="0">
              <value>
                <![CDATA[firefox]]>
              </value>
            </param>
          </params>
          <reporter-output>
          </reporter-output>
        </test-method> <!-- setup -->
        <test-method signature="testCheckoutWithInvalidEmail(java.lang.String,java.lang.String)[pri:4, instance:com.coffeecart.tests.CheckoutTests@15eb5ee5]" started-at="2025-10-07T19:16:31 IST" name="testCheckoutWithInvalidEmail" description="Verify checkout with invalid email" data-provider="invalidEmails" finished-at="2025-10-07T19:16:34 IST" duration-ms="3582" status="PASS">
          <params>
            <param index="0">
              <value>
                <![CDATA[test@]]>
              </value>
            </param>
            <param index="1">
              <value>
                <![CDATA[password123]]>
              </value>
            </param>
          </params>
          <reporter-output>
          </reporter-output>
        </test-method> <!-- testCheckoutWithInvalidEmail -->
        <test-method is-config="true" signature="tearDown()[pri:0, instance:com.coffeecart.tests.CheckoutTests@15eb5ee5]" started-at="2025-10-07T19:16:34 IST" name="tearDown" finished-at="2025-10-07T19:16:36 IST" duration-ms="1308" status="PASS">
          <reporter-output>
          </reporter-output>
        </test-method> <!-- tearDown -->
        <test-method is-config="true" signature="setup(java.lang.String)[pri:0, instance:com.coffeecart.tests.CheckoutTests@15eb5ee5]" started-at="2025-10-07T19:17:02 IST" name="setup" finished-at="2025-10-07T19:17:11 IST" duration-ms="9611" status="PASS">
          <params>
            <param index="0">
              <value>
                <![CDATA[firefox]]>
              </value>
            </param>
          </params>
          <reporter-output>
          </reporter-output>
        </test-method> <!-- setup -->
        <test-method signature="testPromoCodeApplication(java.lang.String,java.lang.String)[pri:5, instance:com.coffeecart.tests.CheckoutTests@15eb5ee5]" started-at="2025-10-07T19:17:11 IST" name="testPromoCodeApplication" description="Verify promo code application" data-provider="promoCodes" finished-at="2025-10-07T19:17:13 IST" duration-ms="1917" status="PASS">
          <params>
            <param index="0">
              <value>
                <![CDATA[DISCOUNT10]]>
              </value>
            </param>
            <param index="1">
              <value>
                <![CDATA[10]]>
              </value>
            </param>
          </params>
          <reporter-output>
          </reporter-output>
        </test-method> <!-- testPromoCodeApplication -->
        <test-method is-config="true" signature="tearDown()[pri:0, instance:com.coffeecart.tests.CheckoutTests@15eb5ee5]" started-at="2025-10-07T19:17:13 IST" name="tearDown" finished-at="2025-10-07T19:17:16 IST" duration-ms="2460" status="PASS">
          <reporter-output>
          </reporter-output>
        </test-method> <!-- tearDown -->
      </class> <!-- com.coffeecart.tests.CheckoutTests -->
      <class name="com.coffeecart.tests.MenuTests">
        <test-method is-config="true" signature="setup(java.lang.String)[pri:0, instance:com.coffeecart.tests.MenuTests@3d74bf60]" started-at="2025-10-07T19:12:36 IST" name="setup" finished-at="2025-10-07T19:12:50 IST" duration-ms="14634" status="PASS">
          <params>
            <param index="0">
              <value>
                <![CDATA[firefox]]>
              </value>
            </param>
          </params>
          <reporter-output>
          </reporter-output>
        </test-method> <!-- setup -->
        <test-method signature="testMenuItemsDisplay()[pri:1, instance:com.coffeecart.tests.MenuTests@3d74bf60]" started-at="2025-10-07T19:12:50 IST" name="testMenuItemsDisplay" description="Verify menu items are displayed" finished-at="2025-10-07T19:12:52 IST" duration-ms="2048" status="PASS">
          <reporter-output>
          </reporter-output>
        </test-method> <!-- testMenuItemsDisplay -->
        <test-method is-config="true" signature="tearDown()[pri:0, instance:com.coffeecart.tests.MenuTests@3d74bf60]" started-at="2025-10-07T19:12:52 IST" name="tearDown" finished-at="2025-10-07T19:12:54 IST" duration-ms="1859" status="PASS">
          <reporter-output>
          </reporter-output>
        </test-method> <!-- tearDown -->
        <test-method is-config="true" signature="setup(java.lang.String)[pri:0, instance:com.coffeecart.tests.MenuTests@3d74bf60]" started-at="2025-10-07T19:12:54 IST" name="setup" finished-at="2025-10-07T19:13:07 IST" duration-ms="13254" status="PASS">
          <params>
            <param index="0">
              <value>
                <![CDATA[firefox]]>
              </value>
            </param>
          </params>
          <reporter-output>
          </reporter-output>
        </test-method> <!-- setup -->
        <test-method signature="testAddItemToCart()[pri:2, instance:com.coffeecart.tests.MenuTests@3d74bf60]" started-at="2025-10-07T19:13:07 IST" name="testAddItemToCart" description="Verify adding items to cart" finished-at="2025-10-07T19:13:12 IST" duration-ms="4846" status="PASS">
          <reporter-output>
          </reporter-output>
        </test-method> <!-- testAddItemToCart -->
        <test-method is-config="true" signature="tearDown()[pri:0, instance:com.coffeecart.tests.MenuTests@3d74bf60]" started-at="2025-10-07T19:13:12 IST" name="tearDown" finished-at="2025-10-07T19:13:18 IST" duration-ms="5746" status="PASS">
          <reporter-output>
          </reporter-output>
        </test-method> <!-- tearDown -->
        <test-method is-config="true" signature="setup(java.lang.String)[pri:0, instance:com.coffeecart.tests.MenuTests@3d74bf60]" started-at="2025-10-07T19:14:21 IST" name="setup" finished-at="2025-10-07T19:14:41 IST" duration-ms="19344" status="PASS">
          <params>
            <param index="0">
              <value>
                <![CDATA[firefox]]>
              </value>
            </param>
          </params>
          <reporter-output>
          </reporter-output>
        </test-method> <!-- setup -->
        <test-method signature="testAddEspresso()[pri:3, instance:com.coffeecart.tests.MenuTests@3d74bf60]" started-at="2025-10-07T19:14:41 IST" name="testAddEspresso" description="Add Espresso to cart" finished-at="2025-10-07T19:14:42 IST" duration-ms="1067" status="PASS">
          <reporter-output>
          </reporter-output>
        </test-method> <!-- testAddEspresso -->
        <test-method is-config="true" signature="tearDown()[pri:0, instance:com.coffeecart.tests.MenuTests@3d74bf60]" started-at="2025-10-07T19:14:42 IST" name="tearDown" finished-at="2025-10-07T19:14:44 IST" duration-ms="2185" status="PASS">
          <reporter-output>
          </reporter-output>
        </test-method> <!-- tearDown -->
        <test-method is-config="true" signature="setup(java.lang.String)[pri:0, instance:com.coffeecart.tests.MenuTests@3d74bf60]" started-at="2025-10-07T19:15:25 IST" name="setup" finished-at="2025-10-07T19:15:36 IST" duration-ms="11078" status="PASS">
          <params>
            <param index="0">
              <value>
                <![CDATA[firefox]]>
              </value>
            </param>
          </params>
          <reporter-output>
          </reporter-output>
        </test-method> <!-- setup -->
        <test-method signature="testAddCappuccino()[pri:4, instance:com.coffeecart.tests.MenuTests@3d74bf60]" started-at="2025-10-07T19:15:36 IST" name="testAddCappuccino" description="Add Cappuccino to cart" finished-at="2025-10-07T19:15:37 IST" duration-ms="850" status="PASS">
          <reporter-output>
          </reporter-output>
        </test-method> <!-- testAddCappuccino -->
        <test-method is-config="true" signature="tearDown()[pri:0, instance:com.coffeecart.tests.MenuTests@3d74bf60]" started-at="2025-10-07T19:15:37 IST" name="tearDown" finished-at="2025-10-07T19:15:38 IST" duration-ms="1510" status="PASS">
          <reporter-output>
          </reporter-output>
        </test-method> <!-- tearDown -->
        <test-method is-config="true" signature="setup(java.lang.String)[pri:0, instance:com.coffeecart.tests.MenuTests@3d74bf60]" started-at="2025-10-07T19:16:36 IST" name="setup" finished-at="2025-10-07T19:16:45 IST" duration-ms="9212" status="PASS">
          <params>
            <param index="0">
              <value>
                <![CDATA[firefox]]>
              </value>
            </param>
          </params>
          <reporter-output>
          </reporter-output>
        </test-method> <!-- setup -->
        <test-method signature="testAddMultipleItems()[pri:5, instance:com.coffeecart.tests.MenuTests@3d74bf60]" started-at="2025-10-07T19:16:45 IST" name="testAddMultipleItems" description="Add multiple items to cart" finished-at="2025-10-07T19:16:47 IST" duration-ms="2333" status="PASS">
          <reporter-output>
          </reporter-output>
        </test-method> <!-- testAddMultipleItems -->
        <test-method is-config="true" signature="tearDown()[pri:0, instance:com.coffeecart.tests.MenuTests@3d74bf60]" started-at="2025-10-07T19:16:47 IST" name="tearDown" finished-at="2025-10-07T19:16:48 IST" duration-ms="1297" status="PASS">
          <reporter-output>
          </reporter-output>
        </test-method> <!-- tearDown -->
        <test-method is-config="true" signature="setup(java.lang.String)[pri:0, instance:com.coffeecart.tests.MenuTests@3d74bf60]" started-at="2025-10-07T19:17:16 IST" name="setup" finished-at="2025-10-07T19:17:25 IST" duration-ms="9811" status="PASS">
          <params>
            <param index="0">
              <value>
                <![CDATA[firefox]]>
              </value>
            </param>
          </params>
          <reporter-output>
          </reporter-output>
        </test-method> <!-- setup -->
        <test-method signature="testAddMultipleItemsToCart(java.lang.String,java.lang.String,java.lang.String)[pri:6, instance:com.coffeecart.tests.MenuTests@3d74bf60]" started-at="2025-10-07T19:17:25 IST" name="testAddMultipleItemsToCart" data-provider="coffeeItems" finished-at="2025-10-07T19:17:28 IST" duration-ms="2198" status="PASS">
          <params>
            <param index="0">
              <value>
                <![CDATA[Espresso]]>
              </value>
            </param>
            <param index="1">
              <value>
                <![CDATA[1]]>
              </value>
            </param>
            <param index="2">
              <value>
                <![CDATA[$10.00]]>
              </value>
            </param>
          </params>
          <reporter-output>
          </reporter-output>
        </test-method> <!-- testAddMultipleItemsToCart -->
        <test-method is-config="true" signature="tearDown()[pri:0, instance:com.coffeecart.tests.MenuTests@3d74bf60]" started-at="2025-10-07T19:17:28 IST" name="tearDown" finished-at="2025-10-07T19:17:29 IST" duration-ms="1445" status="PASS">
          <reporter-output>
          </reporter-output>
        </test-method> <!-- tearDown -->
        <test-method is-config="true" signature="setup(java.lang.String)[pri:0, instance:com.coffeecart.tests.MenuTests@3d74bf60]" started-at="2025-10-07T19:17:29 IST" name="setup" finished-at="2025-10-07T19:17:38 IST" duration-ms="9384" status="PASS">
          <params>
            <param index="0">
              <value>
                <![CDATA[firefox]]>
              </value>
            </param>
          </params>
          <reporter-output>
          </reporter-output>
        </test-method> <!-- setup -->
        <test-method signature="testAddMultipleItemsToCart(java.lang.String,java.lang.String,java.lang.String)[pri:6, instance:com.coffeecart.tests.MenuTests@3d74bf60]" started-at="2025-10-07T19:17:38 IST" name="testAddMultipleItemsToCart" data-provider="coffeeItems" finished-at="2025-10-07T19:17:41 IST" duration-ms="2147" status="PASS">
          <params>
            <param index="0">
              <value>
                <![CDATA[Cappuccino]]>
              </value>
            </param>
            <param index="1">
              <value>
                <![CDATA[1]]>
              </value>
            </param>
            <param index="2">
              <value>
                <![CDATA[$19.00]]>
              </value>
            </param>
          </params>
          <reporter-output>
          </reporter-output>
        </test-method> <!-- testAddMultipleItemsToCart -->
        <test-method is-config="true" signature="tearDown()[pri:0, instance:com.coffeecart.tests.MenuTests@3d74bf60]" started-at="2025-10-07T19:17:41 IST" name="tearDown" finished-at="2025-10-07T19:17:42 IST" duration-ms="1434" status="PASS">
          <reporter-output>
          </reporter-output>
        </test-method> <!-- tearDown -->
        <test-method is-config="true" signature="setup(java.lang.String)[pri:0, instance:com.coffeecart.tests.MenuTests@3d74bf60]" started-at="2025-10-07T19:17:42 IST" name="setup" finished-at="2025-10-07T19:17:51 IST" duration-ms="8828" status="PASS">
          <params>
            <param index="0">
              <value>
                <![CDATA[firefox]]>
              </value>
            </param>
          </params>
          <reporter-output>
          </reporter-output>
        </test-method> <!-- setup -->
        <test-method signature="testAddMultipleItemsToCart(java.lang.String,java.lang.String,java.lang.String)[pri:6, instance:com.coffeecart.tests.MenuTests@3d74bf60]" started-at="2025-10-07T19:17:51 IST" name="testAddMultipleItemsToCart" data-provider="coffeeItems" finished-at="2025-10-07T19:17:53 IST" duration-ms="2316" status="PASS">
          <params>
            <param index="0">
              <value>
                <![CDATA[Americano]]>
              </value>
            </param>
            <param index="1">
              <value>
                <![CDATA[1]]>
              </value>
            </param>
            <param index="2">
              <value>
                <![CDATA[$7.00]]>
              </value>
            </param>
          </params>
          <reporter-output>
          </reporter-output>
        </test-method> <!-- testAddMultipleItemsToCart -->
        <test-method is-config="true" signature="tearDown()[pri:0, instance:com.coffeecart.tests.MenuTests@3d74bf60]" started-at="2025-10-07T19:17:53 IST" name="tearDown" finished-at="2025-10-07T19:17:55 IST" duration-ms="2192" status="PASS">
          <reporter-output>
          </reporter-output>
        </test-method> <!-- tearDown -->
      </class> <!-- com.coffeecart.tests.MenuTests -->
      <class name="com.coffeecart.tests.CartTests">
        <test-method is-config="true" signature="setup(java.lang.String)[pri:0, instance:com.coffeecart.tests.CartTests@4f209819]" started-at="2025-10-07T19:11:49 IST" name="setup" finished-at="2025-10-07T19:12:09 IST" duration-ms="19488" status="PASS">
          <params>
            <param index="0">
              <value>
                <![CDATA[firefox]]>
              </value>
            </param>
          </params>
          <reporter-output>
          </reporter-output>
        </test-method> <!-- setup -->
        <test-method signature="testCartItemCount()[pri:1, instance:com.coffeecart.tests.CartTests@4f209819]" started-at="2025-10-07T19:12:09 IST" name="testCartItemCount" description="Verify cart icon updates with item count" finished-at="2025-10-07T19:12:11 IST" duration-ms="1861" status="PASS">
          <reporter-output>
          </reporter-output>
        </test-method> <!-- testCartItemCount -->
        <test-method is-config="true" signature="tearDown()[pri:0, instance:com.coffeecart.tests.CartTests@4f209819]" started-at="2025-10-07T19:12:11 IST" name="tearDown" finished-at="2025-10-07T19:12:16 IST" duration-ms="5089" status="PASS">
          <reporter-output>
          </reporter-output>
        </test-method> <!-- tearDown -->
        <test-method is-config="true" signature="setup(java.lang.String)[pri:0, instance:com.coffeecart.tests.CartTests@4f209819]" started-at="2025-10-07T19:13:46 IST" name="setup" finished-at="2025-10-07T19:14:05 IST" duration-ms="18873" status="PASS">
          <params>
            <param index="0">
              <value>
                <![CDATA[firefox]]>
              </value>
            </param>
          </params>
          <reporter-output>
          </reporter-output>
        </test-method> <!-- setup -->
        <test-method signature="testRemoveItemFromCart()[pri:2, instance:com.coffeecart.tests.CartTests@4f209819]" started-at="2025-10-07T19:14:05 IST" name="testRemoveItemFromCart" description="Verify removing items from cart" finished-at="2025-10-07T19:14:19 IST" duration-ms="13518" status="PASS">
          <reporter-output>
          </reporter-output>
        </test-method> <!-- testRemoveItemFromCart -->
        <test-method is-config="true" signature="tearDown()[pri:0, instance:com.coffeecart.tests.CartTests@4f209819]" started-at="2025-10-07T19:14:19 IST" name="tearDown" finished-at="2025-10-07T19:14:21 IST" duration-ms="2630" status="PASS">
          <reporter-output>
          </reporter-output>
        </test-method> <!-- tearDown -->
        <test-method is-config="true" signature="setup(java.lang.String)[pri:0, instance:com.coffeecart.tests.CartTests@4f209819]" started-at="2025-10-07T19:14:44 IST" name="setup" finished-at="2025-10-07T19:14:58 IST" duration-ms="14674" status="PASS">
          <params>
            <param index="0">
              <value>
                <![CDATA[firefox]]>
              </value>
            </param>
          </params>
          <reporter-output>
          </reporter-output>
        </test-method> <!-- setup -->
        <test-method signature="testCartTotalCalculation()[pri:3, instance:com.coffeecart.tests.CartTests@4f209819]" started-at="2025-10-07T19:14:58 IST" name="testCartTotalCalculation" description="Verify cart total calculation" finished-at="2025-10-07T19:15:01 IST" duration-ms="2113" status="PASS">
          <reporter-output>
          </reporter-output>
        </test-method> <!-- testCartTotalCalculation -->
        <test-method is-config="true" signature="tearDown()[pri:0, instance:com.coffeecart.tests.CartTests@4f209819]" started-at="2025-10-07T19:15:01 IST" name="tearDown" finished-at="2025-10-07T19:15:04 IST" duration-ms="2993" status="PASS">
          <reporter-output>
          </reporter-output>
        </test-method> <!-- tearDown -->
        <test-method is-config="true" signature="setup(java.lang.String)[pri:0, instance:com.coffeecart.tests.CartTests@4f209819]" started-at="2025-10-07T19:15:38 IST" name="setup" finished-at="2025-10-07T19:15:48 IST" duration-ms="9421" status="PASS">
          <params>
            <param index="0">
              <value>
                <![CDATA[firefox]]>
              </value>
            </param>
          </params>
          <reporter-output>
          </reporter-output>
        </test-method> <!-- setup -->
        <test-method signature="testCheckoutButton()[pri:4, instance:com.coffeecart.tests.CartTests@4f209819]" started-at="2025-10-07T19:15:48 IST" name="testCheckoutButton" description="Verify checkout button functionality" finished-at="2025-10-07T19:15:49 IST" duration-ms="888" status="PASS">
          <reporter-output>
          </reporter-output>
        </test-method> <!-- testCheckoutButton -->
        <test-method is-config="true" signature="tearDown()[pri:0, instance:com.coffeecart.tests.CartTests@4f209819]" started-at="2025-10-07T19:15:49 IST" name="tearDown" finished-at="2025-10-07T19:15:50 IST" duration-ms="1506" status="PASS">
          <reporter-output>
          </reporter-output>
        </test-method> <!-- tearDown -->
        <test-method is-config="true" signature="setup(java.lang.String)[pri:0, instance:com.coffeecart.tests.CartTests@4f209819]" started-at="2025-10-07T19:16:48 IST" name="setup" finished-at="2025-10-07T19:17:00 IST" duration-ms="11865" status="PASS">
          <params>
            <param index="0">
              <value>
                <![CDATA[firefox]]>
              </value>
            </param>
          </params>
          <reporter-output>
          </reporter-output>
        </test-method> <!-- setup -->
        <test-method signature="testEmptyCartBehavior()[pri:5, instance:com.coffeecart.tests.CartTests@4f209819]" started-at="2025-10-07T19:17:00 IST" name="testEmptyCartBehavior" description="Verify empty cart behavior" finished-at="2025-10-07T19:17:00 IST" duration-ms="37" status="PASS">
          <reporter-output>
          </reporter-output>
        </test-method> <!-- testEmptyCartBehavior -->
        <test-method is-config="true" signature="tearDown()[pri:0, instance:com.coffeecart.tests.CartTests@4f209819]" started-at="2025-10-07T19:17:00 IST" name="tearDown" finished-at="2025-10-07T19:17:02 IST" duration-ms="1287" status="PASS">
          <reporter-output>
          </reporter-output>
        </test-method> <!-- tearDown -->
      </class> <!-- com.coffeecart.tests.CartTests -->
    </test> <!-- Firefox Tests -->
  </suite> <!-- Coffee Cart Test Suite -->
</testng-results>
