<?xml version="1.0" encoding="UTF-8"?>
<!-- Generated by org.testng.reporters.JUnitXMLReporter -->
<testsuite ignored="0" hostname="PNQ115CG21211WT" failures="0" tests="20" name="Chrome Tests" time="221.035" errors="0" timestamp="2025-10-07T19:15:30 IST">
  <testcase classname="com.coffeecart.tests.CartTests" name="testCartItemCount" time="3.807"/>
  <testcase classname="com.coffeecart.tests.CheckoutTests" name="testCompleteCheckoutProcess" time="5.236"/>
  <testcase classname="com.coffeecart.tests.MenuTests" name="testMenuItemsDisplay" time="2.087"/>
  <testcase classname="com.coffeecart.tests.MenuTests" name="testAddItemToCart" time="6.706"/>
  <testcase classname="com.coffeecart.tests.CheckoutTests" name="testFormValidation" time="3.323"/>
  <testcase classname="com.coffeecart.tests.CartTests" name="testRemoveItemFromCart" time="16.268"/>
  <testcase classname="com.coffeecart.tests.MenuTests" name="testAddEspresso" time="2.708"/>
  <testcase classname="com.coffeecart.tests.CartTests" name="testCartTotalCalculation" time="2.138"/>
  <testcase classname="com.coffeecart.tests.CheckoutTests" name="testCheckoutWithEmptyName" time="8.02"/>
  <testcase classname="com.coffeecart.tests.MenuTests" name="testAddCappuccino" time="0.951"/>
  <testcase classname="com.coffeecart.tests.CartTests" name="testCheckoutButton" time="0.85"/>
  <testcase classname="com.coffeecart.tests.CheckoutTests" name="testCheckoutWithInvalidEmail" time="6.788"/>
  <testcase classname="com.coffeecart.tests.CheckoutTests" name="testCheckoutWithInvalidEmail" time="5.0"/>
  <testcase classname="com.coffeecart.tests.CheckoutTests" name="testCheckoutWithInvalidEmail" time="6.499"/>
  <testcase classname="com.coffeecart.tests.MenuTests" name="testAddMultipleItems" time="3.617"/>
  <testcase classname="com.coffeecart.tests.CartTests" name="testEmptyCartBehavior" time="0.181"/>
  <testcase classname="com.coffeecart.tests.CheckoutTests" name="testPromoCodeApplication" time="5.169"/>
  <testcase classname="com.coffeecart.tests.MenuTests" name="testAddMultipleItemsToCart" time="1.981"/>
  <testcase classname="com.coffeecart.tests.MenuTests" name="testAddMultipleItemsToCart" time="6.0"/>
  <testcase classname="com.coffeecart.tests.MenuTests" name="testAddMultipleItemsToCart" time="2.174"/>
</testsuite> <!-- Chrome Tests -->
