<?xml version="1.0" encoding="UTF-8"?>
<!-- Generated by org.testng.reporters.JUnitXMLReporter -->
<testsuite ignored="0" hostname="PNQ115CG21211WT" failures="0" tests="20" name="Firefox Tests" time="366.253" errors="0" timestamp="2025-10-07T19:17:55 IST">
  <testcase classname="com.coffeecart.tests.CartTests" name="testCartItemCount" time="1.861"/>
  <testcase classname="com.coffeecart.tests.CheckoutTests" name="testCompleteCheckoutProcess" time="4.041"/>
  <testcase classname="com.coffeecart.tests.MenuTests" name="testMenuItemsDisplay" time="2.048"/>
  <testcase classname="com.coffeecart.tests.MenuTests" name="testAddItemToCart" time="4.846"/>
  <testcase classname="com.coffeecart.tests.CheckoutTests" name="testFormValidation" time="1.676"/>
  <testcase classname="com.coffeecart.tests.CartTests" name="testRemoveItemFromCart" time="13.518"/>
  <testcase classname="com.coffeecart.tests.MenuTests" name="testAddEspresso" time="1.067"/>
  <testcase classname="com.coffeecart.tests.CartTests" name="testCartTotalCalculation" time="2.113"/>
  <testcase classname="com.coffeecart.tests.CheckoutTests" name="testCheckoutWithEmptyName" time="4.902"/>
  <testcase classname="com.coffeecart.tests.MenuTests" name="testAddCappuccino" time="0.85"/>
  <testcase classname="com.coffeecart.tests.CartTests" name="testCheckoutButton" time="0.888"/>
  <testcase classname="com.coffeecart.tests.CheckoutTests" name="testCheckoutWithInvalidEmail" time="3.828"/>
  <testcase classname="com.coffeecart.tests.CheckoutTests" name="testCheckoutWithInvalidEmail" time="3.773"/>
  <testcase classname="com.coffeecart.tests.CheckoutTests" name="testCheckoutWithInvalidEmail" time="3.582"/>
  <testcase classname="com.coffeecart.tests.MenuTests" name="testAddMultipleItems" time="2.333"/>
  <testcase classname="com.coffeecart.tests.CartTests" name="testEmptyCartBehavior" time="0.037"/>
  <testcase classname="com.coffeecart.tests.CheckoutTests" name="testPromoCodeApplication" time="1.917"/>
  <testcase classname="com.coffeecart.tests.MenuTests" name="testAddMultipleItemsToCart" time="2.198"/>
  <testcase classname="com.coffeecart.tests.MenuTests" name="testAddMultipleItemsToCart" time="2.147"/>
  <testcase classname="com.coffeecart.tests.MenuTests" name="testAddMultipleItemsToCart" time="2.316"/>
</testsuite> <!-- Firefox Tests -->
